Determining if the pthread_create exist failed with the following output:
Change Dir: /home/student/catkin_ws/build/a_vector_field/CMakeFiles/CMakeTmp

Run Build Command:/usr/bin/make "cmTryCompileExec605436686/fast"
/usr/bin/make -f CMakeFiles/cmTryCompileExec605436686.dir/build.make CMakeFiles/cmTryCompileExec605436686.dir/build
make[1]: Entering directory `/home/student/catkin_ws/build/a_vector_field/CMakeFiles/CMakeTmp'
/usr/bin/cmake -E cmake_progress_report /home/student/catkin_ws/build/a_vector_field/CMakeFiles/CMakeTmp/CMakeFiles 1
Building C object CMakeFiles/cmTryCompileExec605436686.dir/CheckSymbolExists.c.o
/usr/bin/cc    -o CMakeFiles/cmTryCompileExec605436686.dir/CheckSymbolExists.c.o   -c /home/student/catkin_ws/build/a_vector_field/CMakeFiles/CMakeTmp/CheckSymbolExists.c
Linking C executable cmTryCompileExec605436686
/usr/bin/cmake -E cmake_link_script CMakeFiles/cmTryCompileExec605436686.dir/link.txt --verbose=1
/usr/bin/cc       CMakeFiles/cmTryCompileExec605436686.dir/CheckSymbolExists.c.o  -o cmTryCompileExec605436686 -rdynamic 
CMakeFiles/cmTryCompileExec605436686.dir/CheckSymbolExists.c.o: In function `main':
CheckSymbolExists.c:(.text+0x16): undefined reference to `pthread_create'
collect2: error: ld returned 1 exit status
make[1]: *** [cmTryCompileExec605436686] Error 1
make[1]: Leaving directory `/home/student/catkin_ws/build/a_vector_field/CMakeFiles/CMakeTmp'
make: *** [cmTryCompileExec605436686/fast] Error 2

File /home/student/catkin_ws/build/a_vector_field/CMakeFiles/CMakeTmp/CheckSymbolExists.c:
/* */
#include <pthread.h>

int main(int argc, char** argv)
{
  (void)argv;
#ifndef pthread_create
  return ((int*)(&pthread_create))[argc];
#else
  (void)argc;
  return 0;
#endif
}

Determining if the function pthread_create exists in the pthreads failed with the following output:
Change Dir: /home/student/catkin_ws/build/a_vector_field/CMakeFiles/CMakeTmp

Run Build Command:/usr/bin/make "cmTryCompileExec3735284216/fast"
/usr/bin/make -f CMakeFiles/cmTryCompileExec3735284216.dir/build.make CMakeFiles/cmTryCompileExec3735284216.dir/build
make[1]: Entering directory `/home/student/catkin_ws/build/a_vector_field/CMakeFiles/CMakeTmp'
/usr/bin/cmake -E cmake_progress_report /home/student/catkin_ws/build/a_vector_field/CMakeFiles/CMakeTmp/CMakeFiles 1
Building C object CMakeFiles/cmTryCompileExec3735284216.dir/CheckFunctionExists.c.o
/usr/bin/cc   -DCHECK_FUNCTION_EXISTS=pthread_create   -o CMakeFiles/cmTryCompileExec3735284216.dir/CheckFunctionExists.c.o   -c /usr/share/cmake-2.8/Modules/CheckFunctionExists.c
Linking C executable cmTryCompileExec3735284216
/usr/bin/cmake -E cmake_link_script CMakeFiles/cmTryCompileExec3735284216.dir/link.txt --verbose=1
/usr/bin/cc   -DCHECK_FUNCTION_EXISTS=pthread_create    CMakeFiles/cmTryCompileExec3735284216.dir/CheckFunctionExists.c.o  -o cmTryCompileExec3735284216 -rdynamic -lpthreads 
/usr/bin/ld: cannot find -lpthreads
collect2: error: ld returned 1 exit status
make[1]: Leaving directory `/home/student/catkin_ws/build/a_vector_field/CMakeFiles/CMakeTmp'
make[1]: *** [cmTryCompileExec3735284216] Error 1
make: *** [cmTryCompileExec3735284216/fast] Error 2


Determining if the Q_WS_WIN exist failed with the following output:
Change Dir: /home/student/catkin_ws/build/a_vector_field/CMakeFiles/CMakeTmp

Run Build Command:/usr/bin/make "cmTryCompileExec3502931651/fast"
/usr/bin/make -f CMakeFiles/cmTryCompileExec3502931651.dir/build.make CMakeFiles/cmTryCompileExec3502931651.dir/build
make[1]: Entering directory `/home/student/catkin_ws/build/a_vector_field/CMakeFiles/CMakeTmp'
/usr/bin/cmake -E cmake_progress_report /home/student/catkin_ws/build/a_vector_field/CMakeFiles/CMakeTmp/CMakeFiles 1
Building CXX object CMakeFiles/cmTryCompileExec3502931651.dir/CheckSymbolExists.cxx.o
/usr/bin/c++ -std=c++11   -I/usr/include/qt4    -o CMakeFiles/cmTryCompileExec3502931651.dir/CheckSymbolExists.cxx.o -c /home/student/catkin_ws/build/a_vector_field/CMakeFiles/CMakeTmp/CheckSymbolExists.cxx
/home/student/catkin_ws/build/a_vector_field/CMakeFiles/CMakeTmp/CheckSymbolExists.cxx: In function ‘int main(int, char**)’:
/home/student/catkin_ws/build/a_vector_field/CMakeFiles/CMakeTmp/CheckSymbolExists.cxx:8:19: error: ‘Q_WS_WIN’ was not declared in this scope
   return ((int*)(&Q_WS_WIN))[argc];
                   ^
make[1]: Leaving directory `/home/student/catkin_ws/build/a_vector_field/CMakeFiles/CMakeTmp'
make[1]: *** [CMakeFiles/cmTryCompileExec3502931651.dir/CheckSymbolExists.cxx.o] Error 1
make: *** [cmTryCompileExec3502931651/fast] Error 2

File /home/student/catkin_ws/build/a_vector_field/CMakeFiles/CMakeTmp/CheckSymbolExists.cxx:
/* */
#include <QtCore/qglobal.h>

int main(int argc, char** argv)
{
  (void)argv;
#ifndef Q_WS_WIN
  return ((int*)(&Q_WS_WIN))[argc];
#else
  (void)argc;
  return 0;
#endif
}

Determining if the Q_WS_QWS exist failed with the following output:
Change Dir: /home/student/catkin_ws/build/a_vector_field/CMakeFiles/CMakeTmp

Run Build Command:/usr/bin/make "cmTryCompileExec3161499723/fast"
/usr/bin/make -f CMakeFiles/cmTryCompileExec3161499723.dir/build.make CMakeFiles/cmTryCompileExec3161499723.dir/build
make[1]: Entering directory `/home/student/catkin_ws/build/a_vector_field/CMakeFiles/CMakeTmp'
/usr/bin/cmake -E cmake_progress_report /home/student/catkin_ws/build/a_vector_field/CMakeFiles/CMakeTmp/CMakeFiles 1
Building CXX object CMakeFiles/cmTryCompileExec3161499723.dir/CheckSymbolExists.cxx.o
/usr/bin/c++ -std=c++11   -I/usr/include/qt4    -o CMakeFiles/cmTryCompileExec3161499723.dir/CheckSymbolExists.cxx.o -c /home/student/catkin_ws/build/a_vector_field/CMakeFiles/CMakeTmp/CheckSymbolExists.cxx
/home/student/catkin_ws/build/a_vector_field/CMakeFiles/CMakeTmp/CheckSymbolExists.cxx: In function ‘int main(int, char**)’:
/home/student/catkin_ws/build/a_vector_field/CMakeFiles/CMakeTmp/CheckSymbolExists.cxx:8:19: error: ‘Q_WS_QWS’ was not declared in this scope
   return ((int*)(&Q_WS_QWS))[argc];
                   ^
make[1]: *** [CMakeFiles/cmTryCompileExec3161499723.dir/CheckSymbolExists.cxx.o] Error 1
make[1]: Leaving directory `/home/student/catkin_ws/build/a_vector_field/CMakeFiles/CMakeTmp'
make: *** [cmTryCompileExec3161499723/fast] Error 2

File /home/student/catkin_ws/build/a_vector_field/CMakeFiles/CMakeTmp/CheckSymbolExists.cxx:
/* */
#include <QtCore/qglobal.h>

int main(int argc, char** argv)
{
  (void)argv;
#ifndef Q_WS_QWS
  return ((int*)(&Q_WS_QWS))[argc];
#else
  (void)argc;
  return 0;
#endif
}

Determining if the Q_WS_MAC exist failed with the following output:
Change Dir: /home/student/catkin_ws/build/a_vector_field/CMakeFiles/CMakeTmp

Run Build Command:/usr/bin/make "cmTryCompileExec2613477876/fast"
/usr/bin/make -f CMakeFiles/cmTryCompileExec2613477876.dir/build.make CMakeFiles/cmTryCompileExec2613477876.dir/build
make[1]: Entering directory `/home/student/catkin_ws/build/a_vector_field/CMakeFiles/CMakeTmp'
/usr/bin/cmake -E cmake_progress_report /home/student/catkin_ws/build/a_vector_field/CMakeFiles/CMakeTmp/CMakeFiles 1
Building CXX object CMakeFiles/cmTryCompileExec2613477876.dir/CheckSymbolExists.cxx.o
/usr/bin/c++ -std=c++11   -I/usr/include/qt4    -o CMakeFiles/cmTryCompileExec2613477876.dir/CheckSymbolExists.cxx.o -c /home/student/catkin_ws/build/a_vector_field/CMakeFiles/CMakeTmp/CheckSymbolExists.cxx
/home/student/catkin_ws/build/a_vector_field/CMakeFiles/CMakeTmp/CheckSymbolExists.cxx: In function ‘int main(int, char**)’:
/home/student/catkin_ws/build/a_vector_field/CMakeFiles/CMakeTmp/CheckSymbolExists.cxx:8:19: error: ‘Q_WS_MAC’ was not declared in this scope
   return ((int*)(&Q_WS_MAC))[argc];
                   ^
make[1]: Leaving directory `/home/student/catkin_ws/build/a_vector_field/CMakeFiles/CMakeTmp'
make[1]: *** [CMakeFiles/cmTryCompileExec2613477876.dir/CheckSymbolExists.cxx.o] Error 1
make: *** [cmTryCompileExec2613477876/fast] Error 2

File /home/student/catkin_ws/build/a_vector_field/CMakeFiles/CMakeTmp/CheckSymbolExists.cxx:
/* */
#include <QtCore/qglobal.h>

int main(int argc, char** argv)
{
  (void)argv;
#ifndef Q_WS_MAC
  return ((int*)(&Q_WS_MAC))[argc];
#else
  (void)argc;
  return 0;
#endif
}

